<?xml version="1.0" encoding="UTF-8"?>
<testsuite xmlns:xsi="http://www.w3.org/2001/XMLSchema-instance" xsi:noNamespaceSchemaLocation="https://maven.apache.org/surefire/maven-surefire-plugin/xsd/surefire-test-report.xsd" name="org.mathematicalthinking.javapp.ListRoomsTest" time="0.052" tests="1" errors="0" skipped="0" failures="0">
  <properties>
    <property name="gopherProxySet" value="false"/>
    <property name="awt.toolkit" value="sun.lwawt.macosx.LWCToolkit"/>
    <property name="java.specification.version" value="11"/>
    <property name="sun.cpu.isalist" value=""/>
    <property name="sun.jnu.encoding" value="UTF-8"/>
    <property name="java.class.path" value="/Users/davidtaylor/Documents/works/java/javaToMongo/target/test-classes:/Users/davidtaylor/Documents/works/java/javaToMongo/target/classes:/Users/davidtaylor/.m2/repository/junit/junit/4.11/junit-4.11.jar:/Users/davidtaylor/.m2/repository/org/hamcrest/hamcrest-core/1.3/hamcrest-core-1.3.jar:/Users/davidtaylor/.m2/repository/mysql/mysql-connector-java/8.0.15/mysql-connector-java-8.0.15.jar:/Users/davidtaylor/.m2/repository/org/apache/commons/commons-lang3/3.8.1/commons-lang3-3.8.1.jar:/Users/davidtaylor/.m2/repository/javax/xml/bind/jaxb-api/2.2.3/jaxb-api-2.2.3.jar:/Users/davidtaylor/.m2/repository/javax/xml/stream/stax-api/1.0-2/stax-api-1.0-2.jar:/Users/davidtaylor/.m2/repository/javax/activation/activation/1.1/activation-1.1.jar:/Users/davidtaylor/Documents/works/java/javaToMongo/../vendor/cc-server.jar:/Users/davidtaylor/Documents/works/java/javaToMongo/../vendor/cc-base.jar:"/>
    <property name="java.vm.vendor" value="Oracle Corporation"/>
    <property name="sun.arch.data.model" value="64"/>
    <property name="java.vendor.url" value="http://java.oracle.com/"/>
    <property name="user.timezone" value=""/>
    <property name="java.vm.specification.version" value="11"/>
    <property name="os.name" value="Mac OS X"/>
    <property name="sun.java.launcher" value="SUN_STANDARD"/>
    <property name="user.country" value="US"/>
    <property name="sun.boot.library.path" value="/Library/Java/JavaVirtualMachines/jdk-11.0.2.jdk/Contents/Home/lib"/>
    <property name="sun.java.command" value="/Users/davidtaylor/Documents/works/java/javaToMongo/target/surefire/surefirebooter9254614996737274302.jar /Users/davidtaylor/Documents/works/java/javaToMongo/target/surefire 2019-04-10T16-20-31_331-jvmRun1 surefire9292752638642711204tmp surefire_017002435840810361942tmp"/>
    <property name="http.nonProxyHosts" value="local|*.local|169.254/16|*.169.254/16"/>
    <property name="jdk.debug" value="release"/>
    <property name="surefire.test.class.path" value="/Users/davidtaylor/Documents/works/java/javaToMongo/target/test-classes:/Users/davidtaylor/Documents/works/java/javaToMongo/target/classes:/Users/davidtaylor/.m2/repository/junit/junit/4.11/junit-4.11.jar:/Users/davidtaylor/.m2/repository/org/hamcrest/hamcrest-core/1.3/hamcrest-core-1.3.jar:/Users/davidtaylor/.m2/repository/mysql/mysql-connector-java/8.0.15/mysql-connector-java-8.0.15.jar:/Users/davidtaylor/.m2/repository/org/apache/commons/commons-lang3/3.8.1/commons-lang3-3.8.1.jar:/Users/davidtaylor/.m2/repository/javax/xml/bind/jaxb-api/2.2.3/jaxb-api-2.2.3.jar:/Users/davidtaylor/.m2/repository/javax/xml/stream/stax-api/1.0-2/stax-api-1.0-2.jar:/Users/davidtaylor/.m2/repository/javax/activation/activation/1.1/activation-1.1.jar:/Users/davidtaylor/Documents/works/java/javaToMongo/../vendor/cc-server.jar:/Users/davidtaylor/Documents/works/java/javaToMongo/../vendor/cc-base.jar:"/>
    <property name="sun.cpu.endian" value="little"/>
    <property name="user.home" value="/Users/davidtaylor"/>
    <property name="user.language" value="en"/>
    <property name="java.specification.vendor" value="Oracle Corporation"/>
    <property name="java.version.date" value="2019-01-15"/>
    <property name="java.home" value="/Library/Java/JavaVirtualMachines/jdk-11.0.2.jdk/Contents/Home"/>
    <property name="file.separator" value="/"/>
    <property name="basedir" value="/Users/davidtaylor/Documents/works/java/javaToMongo"/>
    <property name="java.vm.compressedOopsMode" value="Zero based"/>
    <property name="line.separator" value="&#10;"/>
    <property name="java.specification.name" value="Java Platform API Specification"/>
    <property name="java.vm.specification.vendor" value="Oracle Corporation"/>
    <property name="java.awt.graphicsenv" value="sun.awt.CGraphicsEnvironment"/>
    <property name="surefire.real.class.path" value="/Users/davidtaylor/Documents/works/java/javaToMongo/target/surefire/surefirebooter9254614996737274302.jar"/>
    <property name="sun.management.compiler" value="HotSpot 64-Bit Tiered Compilers"/>
    <property name="ftp.nonProxyHosts" value="local|*.local|169.254/16|*.169.254/16"/>
    <property name="java.runtime.version" value="11.0.2+9-LTS"/>
    <property name="user.name" value="davidtaylor"/>
    <property name="path.separator" value=":"/>
    <property name="os.version" value="10.14.4"/>
    <property name="java.runtime.name" value="Java(TM) SE Runtime Environment"/>
    <property name="file.encoding" value="UTF-8"/>
    <property name="java.vm.name" value="Java HotSpot(TM) 64-Bit Server VM"/>
    <property name="java.vendor.version" value="18.9"/>
    <property name="localRepository" value="/Users/davidtaylor/.m2/repository"/>
    <property name="java.vendor.url.bug" value="http://bugreport.java.com/bugreport/"/>
    <property name="java.io.tmpdir" value="/var/folders/2_/6bzgh1695818wc9rp9gp1cxw0000gn/T/"/>
    <property name="java.version" value="11.0.2"/>
    <property name="user.dir" value="/Users/davidtaylor/Documents/works/java/javaToMongo"/>
    <property name="os.arch" value="x86_64"/>
    <property name="java.vm.specification.name" value="Java Virtual Machine Specification"/>
    <property name="java.awt.printerjob" value="sun.lwawt.macosx.CPrinterJob"/>
    <property name="sun.os.patch.level" value="unknown"/>
    <property name="java.library.path" value="/Users/davidtaylor/Library/Java/Extensions:/Library/Java/Extensions:/Network/Library/Java/Extensions:/System/Library/Java/Extensions:/usr/lib/java:."/>
    <property name="java.vendor" value="Oracle Corporation"/>
    <property name="java.vm.info" value="mixed mode"/>
    <property name="java.vm.version" value="11.0.2+9-LTS"/>
    <property name="sun.io.unicode.encoding" value="UnicodeBig"/>
    <property name="java.class.version" value="55.0"/>
    <property name="socksNonProxyHosts" value="local|*.local|169.254/16|*.169.254/16"/>
  </properties>
  <testcase name="shouldAnswerWithTrue" classname="org.mathematicalthinking.javapp.ListRoomsTest" time="0.005"/>
</testsuite>